{"name": "Test that partia update working with PATCH for first name and Last name", "status": "failed", "statusDetails": {"message": "AssertionError: assert 'Jim' == 'John'\n  \n  - John\n  + Jim", "trace": "create_token = '19b86891e01886d', create_booking = 3802\n\n    @allure.title(\"Test that partia update working with PATCH for first name and Last name\")\n    @pytest.mark.integration\n    def test_update_name_with_patch(create_token,create_booking):\n        base_url = \"https://restful-booker.herokuapp.com\"\n        base_path = \"/booking/\" + str(create_booking)\n        PATCH_URL = base_url + base_path\n        cookie = \"token=\" + create_token\n        headers = {\n            \"Content-Type\": \"application / json\",\n            \"Cookie\": cookie\n        }\n        patch_payload = {\n            \"firstname\": \"John\",\n            \"lastname\": \"BrownE\",\n        }\n    \n        patch_response = requests.patch(url=PATCH_URL, headers=headers, json=patch_payload)\n        assert patch_response.status_code == 200\n    \n        patched_data = patch_response.json()\n        firstname = patched_data[\"firstname\"]\n        lastname = patched_data[\"lastname\"]\n>       assert firstname == \"John\"\nE       AssertionError: assert 'Jim' == 'John'\nE         \nE         - John\nE         + Jim\n\nex02_July\\Exercise 26072024\\Integration\\test_integration_TC1.py:88: AssertionError"}, "start": 1723015142805, "stop": 1723015143614, "uuid": "96165985-1b60-4034-87c1-85fecdbf7809", "historyId": "2a0ccf1927aa156867fd9739575a8384", "testCaseId": "2a0ccf1927aa156867fd9739575a8384", "fullName": "ex02_July.Exercise 26072024.Integration.test_integration_TC1#test_update_name_with_patch", "labels": [{"name": "tag", "value": "integration"}, {"name": "parentSuite", "value": "ex02_July.Exercise 26072024.Integration"}, {"name": "suite", "value": "test_integration_TC1"}, {"name": "host", "value": "DESKTOP-DR477QI"}, {"name": "thread", "value": "8816-MainThread"}, {"name": "framework", "value": "pytest"}, {"name": "language", "value": "cpython3"}, {"name": "package", "value": "ex02_July.Exercise 26072024.Integration.test_integration_TC1"}]}